<?xml version="1.0" encoding="UTF-8"?>
<!-- Generated by org.testng.reporters.JUnitReportReporter -->
<testsuite skipped="0" hostname="DESKTOP-5O3HFDN" name="com.ddfa.SuiteTwo.SuiteTwoCaseTwo" tests="2" failures="0" timestamp="2020-05-19T17:12:45 IST" time="0.004" errors="0">
  <testcase name="SuiteTwoCaseTwoTest" time="0.002" classname="com.ddfa.SuiteTwo.SuiteTwoCaseTwo"/>
  <system-out/>
  <testcase name="SuiteTwoCaseTwoTest" time="0.002" classname="com.ddfa.SuiteTwo.SuiteTwoCaseTwo"/>
  <system-out/>
</testsuite> <!-- com.ddfa.SuiteTwo.SuiteTwoCaseTwo -->
