<?xml version="1.0" encoding="UTF-8"?>
<!-- Generated by org.testng.reporters.JUnitReportReporter -->
<testsuite skipped="1" hostname="DESKTOP-5O3HFDN" name="com.ddfa.SuiteTwo.SuiteTwoCaseOne" tests="1" failures="0" timestamp="2020-05-19T17:12:45 IST" time="0.000" errors="0">
  <testcase name="SuiteTwoCaseOneTest" time="0.000" classname="com.ddfa.SuiteTwo.SuiteTwoCaseOne">
    <skipped/>
  </testcase> <!-- SuiteTwoCaseOneTest -->
  <system-out/>
</testsuite> <!-- com.ddfa.SuiteTwo.SuiteTwoCaseOne -->
