<?xml version="1.0" encoding="UTF-8"?>
<!-- Generated by org.testng.reporters.JUnitReportReporter -->
<testsuite skipped="0" hostname="DESKTOP-5O3HFDN" name="com.ddfa.SuiteOne.SuiteOneCaseOne" tests="2" failures="0" timestamp="2020-05-19T17:12:45 IST" time="0.024" errors="0">
  <testcase name="SuiteOneCaseOneTest" time="0.019" classname="com.ddfa.SuiteOne.SuiteOneCaseOne"/>
  <system-out/>
  <testcase name="SuiteOneCaseOneTest" time="0.005" classname="com.ddfa.SuiteOne.SuiteOneCaseOne"/>
  <system-out/>
</testsuite> <!-- com.ddfa.SuiteOne.SuiteOneCaseOne -->
