<?xml version="1.0" encoding="UTF-8"?>
<!-- Generated by org.testng.reporters.JUnitReportReporter -->
<testsuite skipped="0" hostname="DESKTOP-5O3HFDN" name="com.ddfa.SuiteOne.SuiteOneCaseTwo" tests="2" failures="0" timestamp="2020-05-19T17:12:45 IST" time="0.010" errors="0">
  <testcase name="SuiteOneCaseTwoTest" time="0.005" classname="com.ddfa.SuiteOne.SuiteOneCaseTwo"/>
  <system-out/>
  <testcase name="SuiteOneCaseTwoTest" time="0.005" classname="com.ddfa.SuiteOne.SuiteOneCaseTwo"/>
  <system-out/>
</testsuite> <!-- com.ddfa.SuiteOne.SuiteOneCaseTwo -->
