<?xml version="1.0" encoding="UTF-8"?>
<!-- Generated by org.testng.reporters.JUnitReportReporter -->
<testsuite hostname="DESKTOP-5O3HFDN" name="com.ddfa.testCases.TC_LoginDDT_002" tests="5" failures="0" timestamp="20 May 2020 09:27:06 GMT" time="54.210" errors="0">
  <testcase name="loginDDT" time="18.371" classname="com.ddfa.testCases.TC_LoginDDT_002"/>
  <testcase name="loginDDT" time="7.893" classname="com.ddfa.testCases.TC_LoginDDT_002"/>
  <testcase name="loginDDT" time="8.541" classname="com.ddfa.testCases.TC_LoginDDT_002"/>
  <testcase name="loginDDT" time="7.793" classname="com.ddfa.testCases.TC_LoginDDT_002"/>
  <testcase name="loginDDT" time="11.612" classname="com.ddfa.testCases.TC_LoginDDT_002"/>
</testsuite> <!-- com.ddfa.testCases.TC_LoginDDT_002 -->
